<?xml version="1.0" encoding="UTF-8"?>
<!-- Generated by org.testng.reporters.JUnitReportReporter -->
<testsuite skipped="0" hostname="LAPTOP-DSI4TJ82" name="testCases.LoginAppliction" tests="1" failures="0" timestamp="2020-10-12T09:34:36 IST" time="21.268" errors="0">
  <testcase name="Login" time="21.268" classname="testCases.LoginAppliction"/>
  <system-out/>
</testsuite> <!-- testCases.LoginAppliction -->
